\BOOKMARK [1][-]{section.1}{Introduction}{}% 1
\BOOKMARK [2][-]{subsection.1.1}{Literature Survey}{section.1}% 2
\BOOKMARK [2][-]{subsection.1.2}{SCOPE}{section.1}% 3
\BOOKMARK [2][-]{subsection.1.3}{METHODOLOGY}{section.1}% 4
\BOOKMARK [1][-]{section.2}{Software Requirements Specification}{}% 5
\BOOKMARK [2][-]{subsection.2.1}{Assumptions and Dependencies}{section.2}% 6
\BOOKMARK [2][-]{subsection.2.2}{Specific Requirements}{section.2}% 7
\BOOKMARK [2][-]{subsection.2.3}{Functional Requirements}{section.2}% 8
\BOOKMARK [2][-]{subsection.2.4}{Software Requirements}{section.2}% 9
\BOOKMARK [3][-]{subsubsection.2.4.1}{DEVELOPERS MACHINE}{subsection.2.4}% 10
\BOOKMARK [3][-]{subsubsection.2.4.2}{END USERS MACHINE}{subsection.2.4}% 11
\BOOKMARK [2][-]{subsection.2.5}{HARDWARE REQUIREMENTS}{section.2}% 12
\BOOKMARK [3][-]{subsubsection.2.5.1}{SOFTWARE INTERFACES }{subsection.2.5}% 13
\BOOKMARK [1][-]{section.3}{SYSTEM ARCHITECTURE}{}% 14
\BOOKMARK [2][-]{subsection.3.1}{DATA FLOW DIAGRAMS}{section.3}% 15
\BOOKMARK [2][-]{subsection.3.2}{DFD LEVEL 0}{section.3}% 16
\BOOKMARK [2][-]{subsection.3.3}{DFD Level 1}{section.3}% 17
\BOOKMARK [2][-]{subsection.3.4}{User Interaction Diagram}{section.3}% 18
\BOOKMARK [1][-]{section.4}{Implementation}{}% 19
\BOOKMARK [2][-]{subsection.4.1}{Programming Language Selection}{section.4}% 20
\BOOKMARK [2][-]{subsection.4.2}{Platform}{section.4}% 21
\BOOKMARK [2][-]{subsection.4.3}{Modules}{section.4}% 22
\BOOKMARK [1][-]{section.5}{Experimental Analysis and Results}{}% 23
\BOOKMARK [2][-]{subsection.5.1}{Metrics for Similarity Detection Module}{section.5}% 24
\BOOKMARK [2][-]{subsection.5.2}{Metrics for Prediction and Forecasting Module}{section.5}% 25
\BOOKMARK [2][-]{subsection.5.3}{Metrics for Anomaly Detection Module}{section.5}% 26
\BOOKMARK [2][-]{subsection.5.4}{Temporal Pattern Finder Module}{section.5}% 27
\BOOKMARK [1][-]{section.6}{Experimental Dataset}{}% 28
\BOOKMARK [1][-]{section.7}{Conclusion}{}% 29
\BOOKMARK [2][-]{subsection.7.1}{Summary}{section.7}% 30
\BOOKMARK [1][-]{section.8}{Future enhancements}{}% 31
\BOOKMARK [1][-]{section*.2}{References}{}% 32
