\BOOKMARK [1][-]{section*.4}{ACKNOWLEDGEMENT}{}% 1
\BOOKMARK [1][-]{section*.5}{ABSTRACT}{}% 2
\BOOKMARK [1][-]{section*.5}{CONTENTS}{}% 3
\BOOKMARK [1][-]{chapter*.6}{LIST OF FIGURES}{}% 4
\BOOKMARK [1][-]{chapter*.7}{LIST OF TABLES}{}% 5
\BOOKMARK [0][-]{chapter.1}{INTRODUCTION}{}% 6
\BOOKMARK [1][-]{section.1.1}{DEFINITIONS AND USAGE}{chapter.1}% 7
\BOOKMARK [1][-]{section.1.2}{PURPOSE}{chapter.1}% 8
\BOOKMARK [1][-]{section.1.3}{SCOPE}{chapter.1}% 9
\BOOKMARK [0][-]{chapter.2}{REQUIREMENT SPECIFICATION}{}% 10
\BOOKMARK [0][-]{chapter.3}{Decision Tree Learning}{}% 11
\BOOKMARK [1][-]{section.3.1}{Definition}{chapter.3}% 12
\BOOKMARK [1][-]{section.3.2}{The Basic Idea}{chapter.3}% 13
\BOOKMARK [1][-]{section.3.3}{Building the Decision Tree}{chapter.3}% 14
\BOOKMARK [2][-]{subsection.3.3.1}{ID3 Algorithm}{section.3.3}% 15
\BOOKMARK [2][-]{subsection.3.3.2}{Choosing the best attribute for a given node}{section.3.3}% 16
\BOOKMARK [2][-]{subsection.3.3.3}{Entropy - a measure of homogeneity of the set of examples}{section.3.3}% 17
\BOOKMARK [2][-]{subsection.3.3.4}{Information gain measures the expected reduction in entropy}{section.3.3}% 18
\BOOKMARK [2][-]{subsection.3.3.5}{Discretization}{section.3.3}% 19
\BOOKMARK [2][-]{subsection.3.3.6}{Limitation of Decision Tree Methods}{section.3.3}% 20
\BOOKMARK [0][-]{chapter.4}{Genetic Algorithms}{}% 21
\BOOKMARK [1][-]{section.4.1}{The Algorithm}{chapter.4}% 22
\BOOKMARK [1][-]{section.4.2}{Genetic Operators}{chapter.4}% 23
\BOOKMARK [2][-]{subsection.4.2.1}{Generation Zero}{section.4.2}% 24
\BOOKMARK [2][-]{subsection.4.2.2}{Survival of the Fittest}{section.4.2}% 25
\BOOKMARK [2][-]{subsection.4.2.3}{The Next Generation}{section.4.2}% 26
\BOOKMARK [0][-]{chapter.5}{Decision Trees and Genetic Algorithms}{}% 27
\BOOKMARK [1][-]{section.5.1}{Representation of Chromosomes}{chapter.5}% 28
\BOOKMARK [1][-]{section.5.2}{Population}{chapter.5}% 29
\BOOKMARK [1][-]{section.5.3}{Advantages}{chapter.5}% 30
\BOOKMARK [0][-]{chapter.6}{Our State-of-the-art Object-Oriented System}{}% 31
\BOOKMARK [1][-]{section.6.1}{org.ck.sample}{chapter.6}% 32
\BOOKMARK [1][-]{section.6.2}{org.ck.dt}{chapter.6}% 33
\BOOKMARK [1][-]{section.6.3}{org.ck.ga}{chapter.6}% 34
\BOOKMARK [1][-]{section.6.4}{org.ck.gui}{chapter.6}% 35
\BOOKMARK [0][-]{chapter.7}{CONCLUSION AND FUTURE WORK}{}% 36
\BOOKMARK [1][-]{section.7.1}{Summary}{chapter.7}% 37
\BOOKMARK [1][-]{section.7.2}{Limitations}{chapter.7}% 38
\BOOKMARK [1][-]{section.7.3}{Future enhancements}{chapter.7}% 39
\BOOKMARK [1][-]{Item.42}{BIBLIOGRAPHY}{chapter.7}% 40
\BOOKMARK [0][-]{chapter*.23}{APPENDICES}{}% 41
